<?xml version="1.0" encoding="UTF-8"?>
<testsuite xmlns:xsi="http://www.w3.org/2001/XMLSchema-instance" xsi:noNamespaceSchemaLocation="https://maven.apache.org/surefire/maven-surefire-plugin/xsd/surefire-test-report.xsd" version="3.0.2" name="cl.ipla.microcursos.backend.MicrocursosBackendApplicationTests" time="2.523" tests="1" errors="0" skipped="0" failures="0">
  <properties>
[...]
</properties>
  <testcase name="contextLoads" classname="cl.ipla.microcursos.backend.MicrocursosBackendApplicationTests" time="0.234">
    <system-out><![CDATA[17:00:15.977 [main] INFO org.springframework.test.context.support.AnnotationConfigContextLoaderUtils -- Could not detect default configuration classes for test class [cl.ipla.microcursos.backend.MicrocursosBackendApplicationTests]: MicrocursosBackendApplicationTests does not declare any static, non-private, non-final, nested classes annotated with @Configuration.
17:00:16.012 [main] INFO org.springframework.boot.test.context.SpringBootTestContextBootstrapper -- Found @SpringBootConfiguration cl.ipla.microcursos.backend.MicrocursosBackendApplication for test class cl.ipla.microcursos.backend.MicrocursosBackendApplicationTests

  .   ____          _            __ _ _
 /\\ / ___'_ __ _ _(_)_ __  __ _ \ \ \ \
( ( )\___ | '_ | '_| | '_ \/ _` | \ \ \ \
 \\/  ___)| |_)| | | | | || (_| |  ) ) ) )
  '  |____| .__|_| |_|_| |_\__, | / / / /
 =========|_|==============|___/=/_/_/_/

 :: Spring Boot ::                (v3.5.7)

2025-11-22T17:00:16.142-03:00  INFO 66844 --- [           main] i.m.b.MicrocursosBackendApplicationTests : Starting MicrocursosBackendApplicationTests using Java 21.0.6 with PID 66844 (started by joaquinmilla in /Users/joaquinmilla/microcursos/backend)
2025-11-22T17:00:16.143-03:00  INFO 66844 --- [           main] i.m.b.MicrocursosBackendApplicationTests : No active profile set, falling back to 1 default profile: "default"
2025-11-22T17:00:16.373-03:00  INFO 66844 --- [           main] .s.d.r.c.RepositoryConfigurationDelegate : Multiple Spring Data modules found, entering strict repository configuration mode
2025-11-22T17:00:16.374-03:00  INFO 66844 --- [           main] .s.d.r.c.RepositoryConfigurationDelegate : Bootstrapping Spring Data JPA repositories in DEFAULT mode.
2025-11-22T17:00:16.385-03:00  INFO 66844 --- [           main] .RepositoryConfigurationExtensionSupport : Spring Data JPA - Could not safely identify store assignment for repository candidate interface cl.ipla.microcursos.backend.mongo.repository.ActaRepository; If you want this repository to be a JPA repository, consider annotating your entities with one of these annotations: jakarta.persistence.Entity, jakarta.persistence.MappedSuperclass (preferred), or consider extending one of the following types with your repository: org.springframework.data.jpa.repository.JpaRepository
2025-11-22T17:00:16.386-03:00  INFO 66844 --- [           main] .RepositoryConfigurationExtensionSupport : Spring Data JPA - Could not safely identify store assignment for repository candidate interface cl.ipla.microcursos.backend.mongo.repository.RubricaRepository; If you want this repository to be a JPA repository, consider annotating your entities with one of these annotations: jakarta.persistence.Entity, jakarta.persistence.MappedSuperclass (preferred), or consider extending one of the following types with your repository: org.springframework.data.jpa.repository.JpaRepository
2025-11-22T17:00:16.397-03:00  INFO 66844 --- [           main] .s.d.r.c.RepositoryConfigurationDelegate : Finished Spring Data repository scanning in 21 ms. Found 9 JPA repository interfaces.
2025-11-22T17:00:16.408-03:00  INFO 66844 --- [           main] .s.d.r.c.RepositoryConfigurationDelegate : Multiple Spring Data modules found, entering strict repository configuration mode
2025-11-22T17:00:16.408-03:00  INFO 66844 --- [           main] .s.d.r.c.RepositoryConfigurationDelegate : Bootstrapping Spring Data MongoDB repositories in DEFAULT mode.
2025-11-22T17:00:16.411-03:00  INFO 66844 --- [           main] .RepositoryConfigurationExtensionSupport : Spring Data MongoDB - Could not safely identify store assignment for repository candidate interface cl.ipla.microcursos.backend.repository.CursoRepository; If you want this repository to be a MongoDB repository, consider annotating your entities with one of these annotations: org.springframework.data.mongodb.core.mapping.Document (preferred), or consider extending one of the following types with your repository: org.springframework.data.mongodb.repository.MongoRepository
2025-11-22T17:00:16.411-03:00  INFO 66844 --- [           main] .RepositoryConfigurationExtensionSupport : Spring Data MongoDB - Could not safely identify store assignment for repository candidate interface cl.ipla.microcursos.backend.repository.EventoHistorialRepository; If you want this repository to be a MongoDB repository, consider annotating your entities with one of these annotations: org.springframework.data.mongodb.core.mapping.Document (preferred), or consider extending one of the following types with your repository: org.springframework.data.mongodb.repository.MongoRepository
2025-11-22T17:00:16.411-03:00  INFO 66844 --- [           main] .RepositoryConfigurationExtensionSupport : Spring Data MongoDB - Could not safely identify store assignment for repository candidate interface cl.ipla.microcursos.backend.repository.HealthCheckRepository; If you want this repository to be a MongoDB repository, consider annotating your entities with one of these annotations: org.springframework.data.mongodb.core.mapping.Document (preferred), or consider extending one of the following types with your repository: org.springframework.data.mongodb.repository.MongoRepository
2025-11-22T17:00:16.412-03:00  INFO 66844 --- [           main] .RepositoryConfigurationExtensionSupport : Spring Data MongoDB - Could not safely identify store assignment for repository candidate interface cl.ipla.microcursos.backend.repository.InscripcionRepository; If you want this repository to be a MongoDB repository, consider annotating your entities with one of these annotations: org.springframework.data.mongodb.core.mapping.Document (preferred), or consider extending one of the following types with your repository: org.springframework.data.mongodb.repository.MongoRepository
2025-11-22T17:00:16.412-03:00  INFO 66844 --- [           main] .RepositoryConfigurationExtensionSupport : Spring Data MongoDB - Could not safely identify store assignment for repository candidate interface cl.ipla.microcursos.backend.repository.ModuloProgresoRepository; If you want this repository to be a MongoDB repository, consider annotating your entities with one of these annotations: org.springframework.data.mongodb.core.mapping.Document (preferred), or consider extending one of the following types with your repository: org.springframework.data.mongodb.repository.MongoRepository
2025-11-22T17:00:16.412-03:00  INFO 66844 --- [           main] .RepositoryConfigurationExtensionSupport : Spring Data MongoDB - Could not safely identify store assignment for repository candidate interface cl.ipla.microcursos.backend.repository.ModuloRepository; If you want this repository to be a MongoDB repository, consider annotating your entities with one of these annotations: org.springframework.data.mongodb.core.mapping.Document (preferred), or consider extending one of the following types with your repository: org.springframework.data.mongodb.repository.MongoRepository
2025-11-22T17:00:16.412-03:00  INFO 66844 --- [           main] .RepositoryConfigurationExtensionSupport : Spring Data MongoDB - Could not safely identify store assignment for repository candidate interface cl.ipla.microcursos.backend.repository.ResultadoRepository; If you want this repository to be a MongoDB repository, consider annotating your entities with one of these annotations: org.springframework.data.mongodb.core.mapping.Document (preferred), or consider extending one of the following types with your repository: org.springframework.data.mongodb.repository.MongoRepository
2025-11-22T17:00:16.412-03:00  INFO 66844 --- [           main] .RepositoryConfigurationExtensionSupport : Spring Data MongoDB - Could not safely identify store assignment for repository candidate interface cl.ipla.microcursos.backend.repository.RolRepository; If you want this repository to be a MongoDB repository, consider annotating your entities with one of these annotations: org.springframework.data.mongodb.core.mapping.Document (preferred), or consider extending one of the following types with your repository: org.springframework.data.mongodb.repository.MongoRepository
2025-11-22T17:00:16.412-03:00  INFO 66844 --- [           main] .RepositoryConfigurationExtensionSupport : Spring Data MongoDB - Could not safely identify store assignment for repository candidate interface cl.ipla.microcursos.backend.repository.UsuarioRepository; If you want this repository to be a MongoDB repository, consider annotating your entities with one of these annotations: org.springframework.data.mongodb.core.mapping.Document (preferred), or consider extending one of the following types with your repository: org.springframework.data.mongodb.repository.MongoRepository
2025-11-22T17:00:16.419-03:00  INFO 66844 --- [           main] .s.d.r.c.RepositoryConfigurationDelegate : Finished Spring Data repository scanning in 10 ms. Found 2 MongoDB repository interfaces.
2025-11-22T17:00:16.584-03:00  INFO 66844 --- [           main] o.hibernate.jpa.internal.util.LogHelper  : HHH000204: Processing PersistenceUnitInfo [name: default]
2025-11-22T17:00:16.604-03:00  INFO 66844 --- [           main] org.hibernate.Version                    : HHH000412: Hibernate ORM core version 6.6.33.Final
2025-11-22T17:00:16.613-03:00  INFO 66844 --- [           main] o.h.c.internal.RegionFactoryInitiator    : HHH000026: Second-level cache disabled
2025-11-22T17:00:16.697-03:00  INFO 66844 --- [           main] o.s.o.j.p.SpringPersistenceUnitInfo      : No LoadTimeWeaver setup: ignoring JPA class transformer
2025-11-22T17:00:16.706-03:00  INFO 66844 --- [           main] com.zaxxer.hikari.HikariDataSource       : HikariPool-1 - Starting...
2025-11-22T17:00:16.808-03:00  INFO 66844 --- [           main] com.zaxxer.hikari.pool.HikariPool        : HikariPool-1 - Added connection conn0: url=jdbc:h2:mem:microcursosdb user=SA
2025-11-22T17:00:16.808-03:00  INFO 66844 --- [           main] com.zaxxer.hikari.HikariDataSource       : HikariPool-1 - Start completed.
2025-11-22T17:00:16.826-03:00  INFO 66844 --- [           main] org.hibernate.orm.connections.pooling    : HHH10001005: Database info:
	Database JDBC URL [Connecting through datasource 'HikariDataSource (HikariPool-1)']
	Database driver: undefined/unknown
	Database version: 2.3.232
	Autocommit mode: undefined/unknown
	Isolation level: undefined/unknown
	Minimum pool size: undefined/unknown
	Maximum pool size: undefined/unknown
2025-11-22T17:00:17.175-03:00  INFO 66844 --- [           main] o.h.e.t.j.p.i.JtaPlatformInitiator       : HHH000489: No JTA platform available (set 'hibernate.transaction.jta.platform' to enable JTA platform integration)
Hibernate: create table cursos (id bigint generated by default as identity, descripcion varchar(1000), fecha_creacion timestamp(6) not null, titulo varchar(150) not null, primary key (id))
Hibernate: create table eventos_historial (id bigint generated by default as identity, detalle varchar(500), fecha timestamp(6) not null, tipo varchar(50) not null, usuario_id bigint not null, primary key (id))
Hibernate: create table health_check (id bigint generated by default as identity, mensaje varchar(255), primary key (id))
Hibernate: create table inscripciones (id bigint generated by default as identity, estado varchar(20) not null, fecha_inscripcion timestamp(6) not null, progreso integer not null, curso_id bigint not null, usuario_id bigint not null, primary key (id))
Hibernate: create table modulos (id bigint generated by default as identity, descripcion varchar(2000), orden integer not null, titulo varchar(150) not null, curso_id bigint not null, primary key (id))
Hibernate: create table modulos_progreso (id bigint generated by default as identity, fecha_completado timestamp(6) not null, inscripcion_id bigint not null, modulo_id bigint not null, primary key (id))
Hibernate: create table resultados (id bigint generated by default as identity, fecha_registro timestamp(6) not null, puntaje float(53) not null, inscripcion_id bigint not null, modulo_id bigint, primary key (id))
Hibernate: create table roles (id bigint generated by default as identity, nombre varchar(50) not null, primary key (id))
Hibernate: create table usuarios (id bigint generated by default as identity, email varchar(120) not null, nombre varchar(100) not null, password_hash varchar(255) not null, rol_id bigint not null, primary key (id))
Hibernate: alter table if exists modulos_progreso drop constraint if exists uk_inscripcion_modulo
Hibernate: alter table if exists modulos_progreso add constraint uk_inscripcion_modulo unique (inscripcion_id, modulo_id)
Hibernate: alter table if exists roles drop constraint if exists UKldv0v52e0udsh2h1rs0r0gw1n
Hibernate: alter table if exists roles add constraint UKldv0v52e0udsh2h1rs0r0gw1n unique (nombre)
Hibernate: alter table if exists usuarios drop constraint if exists UKkfsp0s1tflm1cwlj8idhqsad0
Hibernate: alter table if exists usuarios add constraint UKkfsp0s1tflm1cwlj8idhqsad0 unique (email)
Hibernate: alter table if exists eventos_historial add constraint FK12x5dwxa14nd559ur8ggt7ums foreign key (usuario_id) references usuarios
Hibernate: alter table if exists inscripciones add constraint FKeil6g011skmwvhuklpwwxnpdv foreign key (curso_id) references cursos
Hibernate: alter table if exists inscripciones add constraint FKqd9h5nbt6ts0deinbqcm8wqm5 foreign key (usuario_id) references usuarios
Hibernate: alter table if exists modulos add constraint FKanqiw9w6sqengn4erdoaoq38l foreign key (curso_id) references cursos
Hibernate: alter table if exists modulos_progreso add constraint FK6nfoplcj07skamad8rp8rc77x foreign key (inscripcion_id) references inscripciones
Hibernate: alter table if exists modulos_progreso add constraint FK8160pt6adct64c88v85c9vbgk foreign key (modulo_id) references modulos
Hibernate: alter table if exists resultados add constraint FK6vjb3m3jp85ga5lgyohb0pbd8 foreign key (inscripcion_id) references inscripciones
Hibernate: alter table if exists resultados add constraint FKb4c78t02hl59uu5ym9gpm4k8q foreign key (modulo_id) references modulos
Hibernate: alter table if exists usuarios add constraint FKqf5elo4jcq7qrt83oi0qmenjo foreign key (rol_id) references roles
2025-11-22T17:00:17.208-03:00  INFO 66844 --- [           main] j.LocalContainerEntityManagerFactoryBean : Initialized JPA EntityManagerFactory for persistence unit 'default'
2025-11-22T17:00:17.347-03:00  INFO 66844 --- [           main] eAuthenticationProviderManagerConfigurer : Global AuthenticationManager configured with AuthenticationProvider bean with name authenticationProvider
2025-11-22T17:00:17.347-03:00  WARN 66844 --- [           main] r$InitializeUserDetailsManagerConfigurer : Global AuthenticationManager configured with an AuthenticationProvider bean. UserDetailsService beans will not be used by Spring Security for automatically configuring username/password login. Consider removing the AuthenticationProvider bean. Alternatively, consider using the UserDetailsService in a manually instantiated DaoAuthenticationProvider. If the current configuration is intentional, to turn off this warning, increase the logging level of 'org.springframework.security.config.annotation.authentication.configuration.InitializeUserDetailsBeanManagerConfigurer' to ERROR
2025-11-22T17:00:17.432-03:00  WARN 66844 --- [           main] JpaBaseConfiguration$JpaWebConfiguration : spring.jpa.open-in-view is enabled by default. Therefore, database queries may be performed during view rendering. Explicitly configure spring.jpa.open-in-view to disable this warning
2025-11-22T17:00:17.621-03:00  INFO 66844 --- [           main] org.mongodb.driver.client                : MongoClient with metadata {"driver": {"name": "mongo-java-driver|sync|spring-boot", "version": "5.5.2"}, "os": {"type": "Darwin", "name": "Mac OS X", "architecture": "aarch64", "version": "26.1"}, "platform": "Java/Eclipse Adoptium/21.0.6+7-LTS"} created with settings MongoClientSettings{readPreference=primary, writeConcern=WriteConcern{w=null, wTimeout=null ms, journal=null}, retryWrites=true, retryReads=true, readConcern=ReadConcern{level=null}, credential=null, transportSettings=null, commandListeners=[], codecRegistry=ProvidersCodecRegistry{codecProviders=[ValueCodecProvider{}, BsonValueCodecProvider{}, DBRefCodecProvider{}, DBObjectCodecProvider{}, DocumentCodecProvider{}, CollectionCodecProvider{}, IterableCodecProvider{}, MapCodecProvider{}, GeoJsonCodecProvider{}, GridFSFileCodecProvider{}, Jsr310CodecProvider{}, JsonObjectCodecProvider{}, BsonCodecProvider{}, EnumCodecProvider{}, com.mongodb.client.model.mql.ExpressionCodecProvider@544faa01, com.mongodb.Jep395RecordCodecProvider@cf933b1, com.mongodb.KotlinCodecProvider@b7952d2]}, loggerSettings=LoggerSettings{maxDocumentLength=1000}, clusterSettings={hosts=[localhost:27017], srvServiceName=mongodb, mode=SINGLE, requiredClusterType=UNKNOWN, requiredReplicaSetName='null', serverSelector='null', clusterListeners='[]', serverSelectionTimeout='30000 ms', localThreshold='15 ms'}, socketSettings=SocketSettings{connectTimeoutMS=10000, readTimeoutMS=0, receiveBufferSize=0, proxySettings=ProxySettings{host=null, port=null, username=null, password=null}}, heartbeatSocketSettings=SocketSettings{connectTimeoutMS=10000, readTimeoutMS=10000, receiveBufferSize=0, proxySettings=ProxySettings{host=null, port=null, username=null, password=null}}, connectionPoolSettings=ConnectionPoolSettings{maxSize=100, minSize=0, maxWaitTimeMS=120000, maxConnectionLifeTimeMS=0, maxConnectionIdleTimeMS=0, maintenanceInitialDelayMS=0, maintenanceFrequencyMS=60000, connectionPoolListeners=[], maxConnecting=2}, serverSettings=ServerSettings{heartbeatFrequencyMS=10000, minHeartbeatFrequencyMS=500, serverMonitoringMode=AUTO, serverListeners='[]', serverMonitorListeners='[]'}, sslSettings=SslSettings{enabled=false, invalidHostNameAllowed=false, context=null}, applicationName='null', compressorList=[], uuidRepresentation=JAVA_LEGACY, serverApi=null, autoEncryptionSettings=null, dnsClient=null, inetAddressResolver=null, contextProvider=null, timeoutMS=null}
2025-11-22T17:00:17.632-03:00  INFO 66844 --- [localhost:27017] org.mongodb.driver.cluster               : Monitor thread successfully connected to server with description ServerDescription{address=localhost:27017, type=STANDALONE, cryptd=false, state=CONNECTED, ok=true, minWireVersion=0, maxWireVersion=21, maxDocumentSize=16777216, logicalSessionTimeoutMinutes=30, roundTripTimeNanos=6717750, minRoundTripTimeNanos=0}
2025-11-22T17:00:17.833-03:00  INFO 66844 --- [           main] i.m.b.MicrocursosBackendApplicationTests : Started MicrocursosBackendApplicationTests in 1.781 seconds (process running for 2.104)
===== Paso 1: inicializando dominio =====
Hibernate: select r1_0.id,r1_0.nombre from roles r1_0 where r1_0.nombre=?
Hibernate: insert into roles (nombre,id) values (?,default)
Hibernate: select r1_0.id,r1_0.nombre from roles r1_0 where r1_0.nombre=?
Hibernate: insert into roles (nombre,id) values (?,default)
Hibernate: select u1_0.id,u1_0.email,u1_0.nombre,u1_0.password_hash,u1_0.rol_id from usuarios u1_0 where u1_0.email=?
Hibernate: insert into usuarios (email,nombre,password_hash,rol_id,id) values (?,?,?,?,default)
Hibernate: select u1_0.id,u1_0.email,u1_0.nombre,u1_0.password_hash,u1_0.rol_id from usuarios u1_0 where u1_0.email=?
Hibernate: insert into usuarios (email,nombre,password_hash,rol_id,id) values (?,?,?,?,default)
Hibernate: select c1_0.id,c1_0.descripcion,c1_0.fecha_creacion,c1_0.titulo from cursos c1_0
Hibernate: insert into cursos (descripcion,fecha_creacion,titulo,id) values (?,?,?,default)
Hibernate: select count(*) from modulos m1_0
Hibernate: insert into modulos (curso_id,descripcion,orden,titulo,id) values (?,?,?,?,default)
Hibernate: insert into modulos (curso_id,descripcion,orden,titulo,id) values (?,?,?,?,default)
Hibernate: select i1_0.id,i1_0.curso_id,i1_0.estado,i1_0.fecha_inscripcion,i1_0.progreso,i1_0.usuario_id from inscripciones i1_0
Hibernate: insert into inscripciones (curso_id,estado,fecha_inscripcion,progreso,usuario_id,id) values (?,?,?,?,?,default)
Hibernate: select count(*) from resultados r1_0
Hibernate: insert into resultados (fecha_registro,inscripcion_id,modulo_id,puntaje,id) values (?,?,?,?,default)
===== Resumen MongoDB =====
Rúbricas: 1
Actas: 1
===== Resumen BD =====
Hibernate: select count(*) from roles r1_0
Roles: 2
Hibernate: select count(*) from usuarios u1_0
Usuarios: 2
Hibernate: select count(*) from cursos c1_0
Cursos: 1
Hibernate: select count(*) from modulos m1_0
Módulos: 2
Hibernate: select count(*) from inscripciones i1_0
Inscripciones: 1
Hibernate: select count(*) from resultados r1_0
Resultados: 1
]]></system-out>
    <system-err><![CDATA[Mockito is currently self-attaching to enable the inline-mock-maker. This will no longer work in future releases of the JDK. Please add Mockito as an agent to your build as described in Mockito's documentation: https://javadoc.io/doc/org.mockito/mockito-core/latest/org.mockito/org/mockito/Mockito.html#0.3
WARNING: A Java agent has been loaded dynamically (/Users/joaquinmilla/.m2/repository/net/bytebuddy/byte-buddy-agent/1.17.8/byte-buddy-agent-1.17.8.jar)
WARNING: If a serviceability tool is in use, please run with -XX:+EnableDynamicAgentLoading to hide this warning
WARNING: If a serviceability tool is not in use, please run with -Djdk.instrument.traceUsage for more information
WARNING: Dynamic loading of agents will be disallowed by default in a future release
]]></system-err>
  </testcase>
</testsuite>